20:18:11.787 [main] INFO  pl.edu.pw.mini.zpoif.pytelrogalska.weatherapp.WeatherAppApplication - Starting WeatherAppApplication using Java 20.0.2 with PID 28208 (C:\Users\rogal\IntelliJ-workspace\Projekt\RepoBednarz\zpoif_2023_projekt_pytelm_rogalskak\WeatherApp\target\classes started by rogal in C:\Users\rogal\IntelliJ-workspace\Projekt\RepoBednarz\zpoif_2023_projekt_pytelm_rogalskak\WeatherApp)
20:18:11.792 [main] INFO  pl.edu.pw.mini.zpoif.pytelrogalska.weatherapp.WeatherAppApplication - No active profile set, falling back to 1 default profile: "default"
20:18:12.696 [main] INFO  org.springframework.boot.web.embedded.tomcat.TomcatWebServer - Tomcat initialized with port 8080 (http)
20:18:12.707 [main] INFO  org.apache.coyote.http11.Http11NioProtocol - Initializing ProtocolHandler ["http-nio-8080"]
20:18:12.709 [main] INFO  org.apache.catalina.core.StandardService - Starting service [Tomcat]
20:18:12.709 [main] INFO  org.apache.catalina.core.StandardEngine - Starting Servlet engine: [Apache Tomcat/10.1.17]
20:18:12.758 [main] INFO  org.apache.catalina.core.ContainerBase.[Tomcat].[localhost].[/] - Initializing Spring embedded WebApplicationContext
20:18:12.759 [main] INFO  org.springframework.boot.web.servlet.context.ServletWebServerApplicationContext - Root WebApplicationContext: initialization completed in 935 ms
20:18:13.360 [main] INFO  org.springframework.boot.actuate.endpoint.web.EndpointLinksResolver - Exposing 1 endpoint(s) beneath base path '/actuator'
20:18:13.395 [main] INFO  org.apache.coyote.http11.Http11NioProtocol - Starting ProtocolHandler ["http-nio-8080"]
20:18:13.411 [main] INFO  org.springframework.boot.web.embedded.tomcat.TomcatWebServer - Tomcat started on port 8080 (http) with context path ''
20:18:13.423 [main] INFO  pl.edu.pw.mini.zpoif.pytelrogalska.weatherapp.WeatherAppApplication - Started WeatherAppApplication in 1.895 seconds (process running for 2.544)
2024-01-19 20:21:04.064 [INFO] [pl.edu.pw.mini.zpoif.pytelrogalska.weatherapp.WeatherAppApplication] - Starting WeatherAppApplication using Java 20.0.2 with PID 28992 (C:\Users\rogal\IntelliJ-workspace\Projekt\RepoBednarz\zpoif_2023_projekt_pytelm_rogalskak\WeatherApp\target\classes started by rogal in C:\Users\rogal\IntelliJ-workspace\Projekt\RepoBednarz\zpoif_2023_projekt_pytelm_rogalskak\WeatherApp)
2024-01-19 20:21:04.070 [INFO] [pl.edu.pw.mini.zpoif.pytelrogalska.weatherapp.WeatherAppApplication] - No active profile set, falling back to 1 default profile: "default"
2024-01-19 20:21:04.958 [INFO] [org.springframework.boot.web.embedded.tomcat.TomcatWebServer] - Tomcat initialized with port 8080 (http)
2024-01-19 20:21:04.966 [INFO] [org.apache.coyote.http11.Http11NioProtocol] - Initializing ProtocolHandler ["http-nio-8080"]
2024-01-19 20:21:04.967 [INFO] [org.apache.catalina.core.StandardService] - Starting service [Tomcat]
2024-01-19 20:21:04.968 [INFO] [org.apache.catalina.core.StandardEngine] - Starting Servlet engine: [Apache Tomcat/10.1.17]
2024-01-19 20:21:05.014 [INFO] [org.apache.catalina.core.ContainerBase.[Tomcat].[localhost].[/]] - Initializing Spring embedded WebApplicationContext
2024-01-19 20:21:05.016 [INFO] [org.springframework.boot.web.servlet.context.ServletWebServerApplicationContext] - Root WebApplicationContext: initialization completed in 913 ms
2024-01-19 20:21:05.552 [INFO] [org.springframework.boot.actuate.endpoint.web.EndpointLinksResolver] - Exposing 1 endpoint(s) beneath base path '/actuator'
2024-01-19 20:21:05.585 [INFO] [org.apache.coyote.http11.Http11NioProtocol] - Starting ProtocolHandler ["http-nio-8080"]
2024-01-19 20:21:05.600 [INFO] [org.springframework.boot.web.embedded.tomcat.TomcatWebServer] - Tomcat started on port 8080 (http) with context path ''
2024-01-19 20:21:05.613 [INFO] [pl.edu.pw.mini.zpoif.pytelrogalska.weatherapp.WeatherAppApplication] - Started WeatherAppApplication in 1.784 seconds (process running for 2.35)
2024-01-19 20:23:23.878 [main] INFO  p.e.p.m.z.p.w.WeatherAppApplication                -Starting WeatherAppApplication using Java 20.0.2 with PID 7756 (C:\Users\rogal\IntelliJ-workspace\Projekt\RepoBednarz\zpoif_2023_projekt_pytelm_rogalskak\WeatherApp\target\classes started by rogal in C:\Users\rogal\IntelliJ-workspace\Projekt\RepoBednarz\zpoif_2023_projekt_pytelm_rogalskak\WeatherApp) 
2024-01-19 20:23:23.882 [main] INFO  p.e.p.m.z.p.w.WeatherAppApplication                -No active profile set, falling back to 1 default profile: "default" 
2024-01-19 20:23:24.757 [main] INFO  o.s.b.w.e.t.TomcatWebServer                        -Tomcat initialized with port 8080 (http) 
2024-01-19 20:23:24.766 [main] INFO  o.a.c.h.Http11NioProtocol                          -Initializing ProtocolHandler ["http-nio-8080"] 
2024-01-19 20:23:24.768 [main] INFO  o.a.c.c.StandardService                            -Starting service [Tomcat] 
2024-01-19 20:23:24.768 [main] INFO  o.a.c.c.StandardEngine                             -Starting Servlet engine: [Apache Tomcat/10.1.17] 
2024-01-19 20:23:24.816 [main] INFO  o.a.c.c.C.[.[.[/]                                  -Initializing Spring embedded WebApplicationContext 
2024-01-19 20:23:24.818 [main] INFO  o.s.b.w.s.c.ServletWebServerApplicationContext     -Root WebApplicationContext: initialization completed in 905 ms 
2024-01-19 20:23:25.381 [main] INFO  o.s.b.a.e.w.EndpointLinksResolver                  -Exposing 1 endpoint(s) beneath base path '/actuator' 
2024-01-19 20:23:25.414 [main] INFO  o.a.c.h.Http11NioProtocol                          -Starting ProtocolHandler ["http-nio-8080"] 
2024-01-19 20:23:25.426 [main] INFO  o.s.b.w.e.t.TomcatWebServer                        -Tomcat started on port 8080 (http) with context path '' 
2024-01-19 20:23:25.436 [main] INFO  p.e.p.m.z.p.w.WeatherAppApplication                -Started WeatherAppApplication in 1.78 seconds (process running for 2.377) 
2024-01-19 20:24:49.498 [main] INFO  WeatherAppApplication                              -Starting WeatherAppApplication using Java 20.0.2 with PID 28736 (C:\Users\rogal\IntelliJ-workspace\Projekt\RepoBednarz\zpoif_2023_projekt_pytelm_rogalskak\WeatherApp\target\classes started by rogal in C:\Users\rogal\IntelliJ-workspace\Projekt\RepoBednarz\zpoif_2023_projekt_pytelm_rogalskak\WeatherApp) 
2024-01-19 20:24:49.504 [main] INFO  WeatherAppApplication                              -No active profile set, falling back to 1 default profile: "default" 
2024-01-19 20:24:50.383 [main] INFO  TomcatWebServer                                    -Tomcat initialized with port 8080 (http) 
2024-01-19 20:24:50.398 [main] INFO  Http11NioProtocol                                  -Initializing ProtocolHandler ["http-nio-8080"] 
2024-01-19 20:24:50.400 [main] INFO  StandardService                                    -Starting service [Tomcat] 
2024-01-19 20:24:50.400 [main] INFO  StandardEngine                                     -Starting Servlet engine: [Apache Tomcat/10.1.17] 
2024-01-19 20:24:50.438 [main] INFO  [/]                                                -Initializing Spring embedded WebApplicationContext 
2024-01-19 20:24:50.440 [main] INFO  ServletWebServerApplicationContext                 -Root WebApplicationContext: initialization completed in 900 ms 
2024-01-19 20:24:51.004 [main] INFO  EndpointLinksResolver                              -Exposing 1 endpoint(s) beneath base path '/actuator' 
2024-01-19 20:24:51.036 [main] INFO  Http11NioProtocol                                  -Starting ProtocolHandler ["http-nio-8080"] 
2024-01-19 20:24:51.054 [main] INFO  TomcatWebServer                                    -Tomcat started on port 8080 (http) with context path '' 
2024-01-19 20:24:51.065 [main] INFO  WeatherAppApplication                              -Started WeatherAppApplication in 1.778 seconds (process running for 2.354) 
